2024-05-30 13:27:45,504:WARNING:discord.client: PyNaCl is not installed, voice will NOT be supported
2024-05-30 13:27:45,504:INFO:discord.client: logging in using static token
2024-05-30 13:27:46,486:INFO:discord.gateway: Shard ID None has connected to Gateway (Session ID: 6d036f57a8385d7937ab73b2aaebc47f).
2024-05-30 13:27:53,853:ERROR:discord.app_commands.tree: Ignoring exception in command 'playing'
Traceback (most recent call last):
  File "/Library/Frameworks/Python.framework/Versions/3.12/lib/python3.12/site-packages/discord/app_commands/commands.py", line 828, in _do_call
    return await self._callback(interaction, **params)  # type: ignore
           ^^^^^^^^^^^^^^^^^^^^^^^^^^^^^^^^^^^^^^^^^^^
  File "/Users/jsarenay/cs278_discord/bot.py", line 213, in playing
    access_token = await self.get_fresh_token(token_info, user_id)
                   ^^^^^^^^^^^^^^^^^^^^^^^^^^^^^^^^^^^^^^^^^^^^^^^
  File "/Users/jsarenay/cs278_discord/bot.py", line 244, in get_fresh_token
    refreshed_token_info['expires_at'] = int(time.time()) + self.sp_oauth.expires_in
                                                            ^^^^^^^^^^^^^^^^^^^^^^^^
AttributeError: 'SpotifyOAuth' object has no attribute 'expires_in'

The above exception was the direct cause of the following exception:

Traceback (most recent call last):
  File "/Library/Frameworks/Python.framework/Versions/3.12/lib/python3.12/site-packages/discord/app_commands/tree.py", line 1248, in _call
    await command._invoke_with_namespace(interaction, namespace)
  File "/Library/Frameworks/Python.framework/Versions/3.12/lib/python3.12/site-packages/discord/app_commands/commands.py", line 853, in _invoke_with_namespace
    return await self._do_call(interaction, transformed_values)
           ^^^^^^^^^^^^^^^^^^^^^^^^^^^^^^^^^^^^^^^^^^^^^^^^^^^^
  File "/Library/Frameworks/Python.framework/Versions/3.12/lib/python3.12/site-packages/discord/app_commands/commands.py", line 846, in _do_call
    raise CommandInvokeError(self, e) from e
discord.app_commands.errors.CommandInvokeError: Command 'playing' raised an exception: AttributeError: 'SpotifyOAuth' object has no attribute 'expires_in'
